Using pre-set license
Built from '2020.3/staging' branch; Version is '2020.3.9f1 (108be757e447) revision 1084391'; Using compiler version '192528614'; Build Type 'Release'
OS: 'Windows 10 Home; OS build 19042.1165; Version 2009; 64bit' Language: 'en' Physical Memory: 16185 MB
BatchMode: 1, IsHumanControllingUs: 0, StartBugReporterOnCrash: 0, Is64bit: 1, IsPro: 0

 COMMAND LINE ARGUMENTS:
C:\Program Files\Unity\Hub\Editor\2020.3.9f1\Editor\Unity.exe
-adb2
-batchMode
-noUpm
-name
AssetImportWorker0
-projectPath
D:/Unity Projects/UnityVoice/ics-MLAPIWorkshop
-logFile
Logs/AssetImportWorker0.log
-srvPort
49740
Successfully changed project path to: D:/Unity Projects/UnityVoice/ics-MLAPIWorkshop
D:/Unity Projects/UnityVoice/ics-MLAPIWorkshop
Using Asset Import Pipeline V2.
Refreshing native plugins compatible for Editor in 25.10 ms, found 0 plugins.
Preloading 0 native plugins for Editor in 0.00 ms.
Initialize engine version: 2020.3.9f1 (108be757e447)
[Subsystems] Discovering subsystems at path C:/Program Files/Unity/Hub/Editor/2020.3.9f1/Editor/Data/Resources/UnitySubsystems
[Subsystems] Discovering subsystems at path D:/Unity Projects/UnityVoice/ics-MLAPIWorkshop/Assets
GfxDevice: creating device client; threaded=0
Direct3D:
    Version:  Direct3D 11.0 [level 11.1]
    Renderer: NVIDIA GeForce RTX 2070 SUPER (ID=0x1e84)
    Vendor:   
    VRAM:     8011 MB
    Driver:   30.0.14.7168
Initialize mono
Mono path[0] = 'C:/Program Files/Unity/Hub/Editor/2020.3.9f1/Editor/Data/Managed'
Mono path[1] = 'C:/Program Files/Unity/Hub/Editor/2020.3.9f1/Editor/Data/MonoBleedingEdge/lib/mono/unityjit'
Mono config path = 'C:/Program Files/Unity/Hub/Editor/2020.3.9f1/Editor/Data/MonoBleedingEdge/etc'
Using monoOptions --debugger-agent=transport=dt_socket,embedding=1,server=y,suspend=n,address=127.0.0.1:56336
Begin MonoManager ReloadAssembly
Registering precompiled unity dll's ...
Register platform support module: C:/Program Files/Unity/Hub/Editor/2020.3.9f1/Editor/Data/PlaybackEngines/WindowsStandaloneSupport/UnityEditor.WindowsStandalone.Extensions.dll
Registered in 0.001594 seconds.
Native extension for WindowsStandalone target not found
Refreshing native plugins compatible for Editor in 25.39 ms, found 0 plugins.
Preloading 0 native plugins for Editor in 0.00 ms.
Mono: successfully reloaded assembly
- Completed reload, in  0.796 seconds
Platform modules already initialized, skipping
Registering precompiled user dll's ...
Registered in 0.002319 seconds.
Begin MonoManager ReloadAssembly
Native extension for WindowsStandalone target not found
Refreshing native plugins compatible for Editor in 25.47 ms, found 0 plugins.
Preloading 0 native plugins for Editor in 0.00 ms.
Mono: successfully reloaded assembly
- Completed reload, in  0.733 seconds
Platform modules already initialized, skipping
========================================================================
Worker process is ready to serve import requests
Launched and connected shader compiler UnityShaderCompiler.exe after 0.04 seconds
Refreshing native plugins compatible for Editor in 0.30 ms, found 0 plugins.
Preloading 0 native plugins for Editor in 0.00 ms.
Unloading 1574 Unused Serialized files (Serialized files now loaded: 0)
System memory in use before: 73.0 MB.
System memory in use after: 73.1 MB.

Unloading 24 unused Assets to reduce memory usage. Loaded Objects now: 2007.
Total: 1.696000 ms (FindLiveObjects: 0.159500 ms CreateObjectMapping: 0.053300 ms MarkObjects: 1.414100 ms  DeleteObjects: 0.068000 ms)

========================================================================
Received Import Request.
  path: Assets/Scripts
  artifactKey: Guid(02dd2cf64ebb92840a5030d4223eb26e) Importer(815301076,1909f56bfc062723c751e8b465ee728b)
Start importing Assets/Scripts using Guid(02dd2cf64ebb92840a5030d4223eb26e) Importer(815301076,1909f56bfc062723c751e8b465ee728b)  -> (artifact id: '63667bb28b39d1bc5a07c2968269031f') in 0.007472 seconds
  Import took 0.009450 seconds .

========================================================================
Received Prepare
Registering precompiled user dll's ...
Registered in 0.002500 seconds.
Begin MonoManager ReloadAssembly
Native extension for WindowsStandalone target not found
Refreshing native plugins compatible for Editor in 0.32 ms, found 0 plugins.
Preloading 0 native plugins for Editor in 0.00 ms.
Mono: successfully reloaded assembly
- Completed reload, in  0.703 seconds
Platform modules already initialized, skipping
Refreshing native plugins compatible for Editor in 0.35 ms, found 0 plugins.
Preloading 0 native plugins for Editor in 0.00 ms.
Unloading 1569 Unused Serialized files (Serialized files now loaded: 0)
System memory in use before: 73.1 MB.
System memory in use after: 73.2 MB.

Unloading 17 unused Assets to reduce memory usage. Loaded Objects now: 2010.
Total: 1.571700 ms (FindLiveObjects: 0.177900 ms CreateObjectMapping: 0.056600 ms MarkObjects: 1.292400 ms  DeleteObjects: 0.043600 ms)

========================================================================
Received Import Request.
  Time since last request: 12.002127 seconds.
  path: Assets/Scripts/PlayerMovement.cs
  artifactKey: Guid(726a39b7d437b369ead392818bed9871) Importer(815301076,1909f56bfc062723c751e8b465ee728b)
Start importing Assets/Scripts/PlayerMovement.cs using Guid(726a39b7d437b369ead392818bed9871) Importer(815301076,1909f56bfc062723c751e8b465ee728b)  -> (artifact id: '5e59dd0d3af5edbc1b262f80580e56d2') in 0.020110 seconds
  Import took 0.022124 seconds .

========================================================================
Received Import Request.
  Time since last request: 3.311154 seconds.
  path: Assets/Prefabs
  artifactKey: Guid(7f9bebe7572009b49adc9b47b114ac0b) Importer(815301076,1909f56bfc062723c751e8b465ee728b)
Start importing Assets/Prefabs using Guid(7f9bebe7572009b49adc9b47b114ac0b) Importer(815301076,1909f56bfc062723c751e8b465ee728b)  -> (artifact id: 'd7bdb88b7eb637bf5414c195898f3b40') in 0.004338 seconds
  Import took 0.006336 seconds .

========================================================================
Received Import Request.
  Time since last request: 0.039080 seconds.
  path: Assets/Prefabs/Player.prefab
  artifactKey: Guid(2c09bbffca9941f488b726c58f08791d) Importer(815301076,1909f56bfc062723c751e8b465ee728b)
Start importing Assets/Prefabs/Player.prefab using Guid(2c09bbffca9941f488b726c58f08791d) Importer(815301076,1909f56bfc062723c751e8b465ee728b)  -> (artifact id: '146e1b41cef59fb3f4412ea0743eddf6') in 0.071450 seconds
  Import took 0.073564 seconds .

========================================================================
Received Import Request.
  Time since last request: 0.000221 seconds.
  path: Assets/Prefabs/Sphere.prefab
  artifactKey: Guid(6095c91b6ef8c16ff837ebdc578f4dcb) Importer(815301076,1909f56bfc062723c751e8b465ee728b)
Start importing Assets/Prefabs/Sphere.prefab using Guid(6095c91b6ef8c16ff837ebdc578f4dcb) Importer(815301076,1909f56bfc062723c751e8b465ee728b)  -> (artifact id: 'd9d50e351780cb573598c2527a823b4d') in 0.010309 seconds
  Import took 0.012477 seconds .

========================================================================
Received Prepare
Registering precompiled user dll's ...
Registered in 0.002316 seconds.
Begin MonoManager ReloadAssembly
Native extension for WindowsStandalone target not found
Refreshing native plugins compatible for Editor in 0.30 ms, found 0 plugins.
Preloading 0 native plugins for Editor in 0.00 ms.
Mono: successfully reloaded assembly
- Completed reload, in  0.694 seconds
Platform modules already initialized, skipping
Refreshing native plugins compatible for Editor in 0.30 ms, found 0 plugins.
Preloading 0 native plugins for Editor in 0.00 ms.
Unloading 1569 Unused Serialized files (Serialized files now loaded: 0)
System memory in use before: 76.4 MB.
System memory in use after: 76.4 MB.

Unloading 18 unused Assets to reduce memory usage. Loaded Objects now: 2023.
Total: 1.559600 ms (FindLiveObjects: 0.136700 ms CreateObjectMapping: 0.051600 ms MarkObjects: 1.327600 ms  DeleteObjects: 0.042700 ms)

========================================================================
Received Import Request.
  Time since last request: 28.574017 seconds.
  path: Assets/Photon
  artifactKey: Guid(1a18285988c17f4489079192aa2ea1e8) Importer(815301076,1909f56bfc062723c751e8b465ee728b)
Start importing Assets/Photon using Guid(1a18285988c17f4489079192aa2ea1e8) Importer(815301076,1909f56bfc062723c751e8b465ee728b)  -> (artifact id: 'c5128534f96c97ddc93dbe44b29b5b9d') in 0.005790 seconds
  Import took 0.007942 seconds .

========================================================================
Received Import Request.
  Time since last request: 15.281101 seconds.
  path: Assets/Prefabs/Player.prefab
  artifactKey: Guid(2c09bbffca9941f488b726c58f08791d) Importer(815301076,1909f56bfc062723c751e8b465ee728b)
Start importing Assets/Prefabs/Player.prefab using Guid(2c09bbffca9941f488b726c58f08791d) Importer(815301076,1909f56bfc062723c751e8b465ee728b)  -> (artifact id: '543800a4336c6efdda562e5d8a9bd646') in 0.043509 seconds
  Import took 0.045736 seconds .

========================================================================
Received Prepare
Registering precompiled user dll's ...
Registered in 0.002218 seconds.
Begin MonoManager ReloadAssembly
Native extension for WindowsStandalone target not found
Refreshing native plugins compatible for Editor in 0.34 ms, found 0 plugins.
Preloading 0 native plugins for Editor in 0.00 ms.
Mono: successfully reloaded assembly
- Completed reload, in  0.685 seconds
Platform modules already initialized, skipping
Refreshing native plugins compatible for Editor in 0.30 ms, found 0 plugins.
Preloading 0 native plugins for Editor in 0.00 ms.
Unloading 1569 Unused Serialized files (Serialized files now loaded: 0)
System memory in use before: 76.4 MB.
System memory in use after: 76.5 MB.

Unloading 18 unused Assets to reduce memory usage. Loaded Objects now: 2027.
Total: 1.671200 ms (FindLiveObjects: 0.147100 ms CreateObjectMapping: 0.050000 ms MarkObjects: 1.420000 ms  DeleteObjects: 0.053000 ms)

========================================================================
Received Prepare
Registering precompiled user dll's ...
Registered in 0.002172 seconds.
Begin MonoManager ReloadAssembly
Native extension for WindowsStandalone target not found
Refreshing native plugins compatible for Editor in 0.30 ms, found 0 plugins.
Preloading 0 native plugins for Editor in 0.00 ms.
Mono: successfully reloaded assembly
- Completed reload, in  0.681 seconds
Platform modules already initialized, skipping
Refreshing native plugins compatible for Editor in 0.31 ms, found 0 plugins.
Preloading 0 native plugins for Editor in 0.00 ms.
Unloading 1569 Unused Serialized files (Serialized files now loaded: 0)
System memory in use before: 76.4 MB.
System memory in use after: 76.5 MB.

Unloading 17 unused Assets to reduce memory usage. Loaded Objects now: 2030.
Total: 1.726400 ms (FindLiveObjects: 0.143100 ms CreateObjectMapping: 0.047800 ms MarkObjects: 1.491800 ms  DeleteObjects: 0.042800 ms)

========================================================================
Received Import Request.
  Time since last request: 139.838620 seconds.
  path: Assets/Scenes
  artifactKey: Guid(6e18ee8b5e9eafb4887b2762536b432c) Importer(815301076,1909f56bfc062723c751e8b465ee728b)
Start importing Assets/Scenes using Guid(6e18ee8b5e9eafb4887b2762536b432c) Importer(815301076,1909f56bfc062723c751e8b465ee728b)  -> (artifact id: 'd44de1dc50955c9896d14defe1d6b0a4') in 0.011160 seconds
  Import took 0.017261 seconds .

========================================================================
Received Prepare
Registering precompiled user dll's ...
Registered in 0.002305 seconds.
Begin MonoManager ReloadAssembly
Native extension for WindowsStandalone target not found
Refreshing native plugins compatible for Editor in 0.33 ms, found 0 plugins.
Preloading 0 native plugins for Editor in 0.00 ms.
Mono: successfully reloaded assembly
- Completed reload, in  0.678 seconds
Platform modules already initialized, skipping
Refreshing native plugins compatible for Editor in 0.31 ms, found 0 plugins.
Preloading 0 native plugins for Editor in 0.00 ms.
Unloading 1569 Unused Serialized files (Serialized files now loaded: 0)
System memory in use before: 76.4 MB.
System memory in use after: 76.5 MB.

Unloading 17 unused Assets to reduce memory usage. Loaded Objects now: 2033.
Total: 1.604600 ms (FindLiveObjects: 0.140800 ms CreateObjectMapping: 0.047700 ms MarkObjects: 1.364600 ms  DeleteObjects: 0.050400 ms)

========================================================================
Received Prepare
Registering precompiled user dll's ...
Registered in 0.002362 seconds.
Begin MonoManager ReloadAssembly
Native extension for WindowsStandalone target not found
Refreshing native plugins compatible for Editor in 0.31 ms, found 0 plugins.
Preloading 0 native plugins for Editor in 0.00 ms.
Mono: successfully reloaded assembly
- Completed reload, in  0.679 seconds
Platform modules already initialized, skipping
Refreshing native plugins compatible for Editor in 0.36 ms, found 0 plugins.
Preloading 0 native plugins for Editor in 0.00 ms.
Unloading 1569 Unused Serialized files (Serialized files now loaded: 0)
System memory in use before: 76.4 MB.
System memory in use after: 76.5 MB.

Unloading 17 unused Assets to reduce memory usage. Loaded Objects now: 2036.
Total: 1.847400 ms (FindLiveObjects: 0.163100 ms CreateObjectMapping: 0.076100 ms MarkObjects: 1.562600 ms  DeleteObjects: 0.044700 ms)

========================================================================
Received Prepare
Registering precompiled user dll's ...
Registered in 0.002133 seconds.
Begin MonoManager ReloadAssembly
Native extension for WindowsStandalone target not found
Refreshing native plugins compatible for Editor in 20.49 ms, found 0 plugins.
Preloading 0 native plugins for Editor in 0.00 ms.
Mono: successfully reloaded assembly
- Completed reload, in  0.657 seconds
Platform modules already initialized, skipping
Refreshing native plugins compatible for Editor in 0.30 ms, found 0 plugins.
Preloading 0 native plugins for Editor in 0.00 ms.
Unloading 1273 Unused Serialized files (Serialized files now loaded: 0)
System memory in use before: 70.2 MB.
System memory in use after: 70.3 MB.

Unloading 311 unused Assets to reduce memory usage. Loaded Objects now: 1745.
Total: 1.497500 ms (FindLiveObjects: 0.152600 ms CreateObjectMapping: 0.057200 ms MarkObjects: 1.175500 ms  DeleteObjects: 0.111300 ms)

========================================================================
Received Prepare
Registering precompiled user dll's ...
Registered in 0.002184 seconds.
Begin MonoManager ReloadAssembly
Native extension for WindowsStandalone target not found
Refreshing native plugins compatible for Editor in 0.27 ms, found 0 plugins.
Preloading 0 native plugins for Editor in 0.00 ms.
Mono: successfully reloaded assembly
- Completed reload, in  0.640 seconds
Platform modules already initialized, skipping
Refreshing native plugins compatible for Editor in 0.29 ms, found 0 plugins.
Preloading 0 native plugins for Editor in 0.00 ms.
Unloading 1273 Unused Serialized files (Serialized files now loaded: 0)
System memory in use before: 66.3 MB.
System memory in use after: 66.3 MB.

Unloading 17 unused Assets to reduce memory usage. Loaded Objects now: 1748.
Total: 1.392100 ms (FindLiveObjects: 0.127500 ms CreateObjectMapping: 0.036000 ms MarkObjects: 1.183300 ms  DeleteObjects: 0.044400 ms)

========================================================================
Received Prepare
Registering precompiled user dll's ...
Registered in 0.002315 seconds.
Begin MonoManager ReloadAssembly
Native extension for WindowsStandalone target not found
Refreshing native plugins compatible for Editor in 0.33 ms, found 0 plugins.
Preloading 0 native plugins for Editor in 0.00 ms.
Mono: successfully reloaded assembly
- Completed reload, in  0.636 seconds
Platform modules already initialized, skipping
Refreshing native plugins compatible for Editor in 0.27 ms, found 0 plugins.
Preloading 0 native plugins for Editor in 0.00 ms.
Unloading 1273 Unused Serialized files (Serialized files now loaded: 0)
System memory in use before: 66.3 MB.
System memory in use after: 66.4 MB.

Unloading 17 unused Assets to reduce memory usage. Loaded Objects now: 1751.
Total: 1.358200 ms (FindLiveObjects: 0.118800 ms CreateObjectMapping: 0.031600 ms MarkObjects: 1.158100 ms  DeleteObjects: 0.049000 ms)

AssetImportWorkerClient::OnTransportError - code=2 error=End of file
